
L A R A V E L  E C H O  S E R V E R

version 1.3.6

⚠ Starting server in DEV mode...

✔  Running at localhost on port 6001
✔  Channels are ready.
✔  Listening for http events...
✔  Listening for redis events...

Server ready!

1518876404817 - info: blockchain.info wallet service v0.26.0 running on http://127.0.0.1:3000
[4:12:21 PM] - xvVTHnubhEAzARMcAAAE joined channel: orders
[4:22:08 PM] - xvVTHnubhEAzARMcAAAE left channel: orders (transport close)
[4:22:09 PM] - yyOkN7ZaoZ33P78zAAAF joined channel: test-channel
Channel: test-channel
Event: App\Events\TestingBroadCasting
CHANNEL test-channel
Channel: test-channel
Event: App\Events\TestingBroadCasting
CHANNEL test-channel
Channel: test-channel
Event: App\Events\TestingBroadCasting
CHANNEL test-channel
[4:25:02 PM] - yyOkN7ZaoZ33P78zAAAF left channel: test-channel (transport close)
[4:25:04 PM] - TSu25YczdzxL9BkYAAAG joined channel: test-channel
Channel: test-channel
Event: App\Events\TestingBroadCasting
CHANNEL test-channel
Channel: test-channel
Event: App\Events\TestingBroadCasting
CHANNEL test-channel
Channel: test-channel
Event: App\Events\TestingBroadCasting
CHANNEL test-channel
Channel: test-channel
Event: App\Events\TestingBroadCasting
CHANNEL test-channel
Channel: test-channel
Event: App\Events\TestingBroadCasting
CHANNEL test-channel
Channel: test-channel
Event: App\Events\TestingBroadCasting
CHANNEL test-channel
Channel: test-channel
Event: App\Events\TestingBroadCasting
CHANNEL test-channel
Channel: test-channel
Event: App\Events\TestingBroadCasting
CHANNEL test-channel
Channel: test-channel
Event: App\Events\TestingBroadCasting
CHANNEL test-channel
Channel: test-channel
Event: App\Events\TestingBroadCasting
CHANNEL test-channel
Channel: test-channel
Event: App\Events\TestingBroadCasting
CHANNEL test-channel
Channel: test-channel
Event: App\Events\TestingBroadCasting
CHANNEL test-channel
Channel: test-channel
Event: App\Events\TestingBroadCasting
CHANNEL test-channel
Channel: test-channel
Event: App\Events\TestingBroadCasting
CHANNEL test-channel
Channel: test-channel
Event: App\Events\TestingBroadCasting
CHANNEL test-channel
Channel: test-channel
Event: App\Events\TestingBroadCasting
CHANNEL test-channel
Channel: test-channel
Event: App\Events\TestingBroadCasting
CHANNEL test-channel
Channel: test-channel
Event: App\Events\TestingBroadCasting
CHANNEL test-channel
Channel: test-channel
Event: App\Events\TestingBroadCasting
CHANNEL test-channel
Channel: test-channel
Event: App\Events\TestingBroadCasting
CHANNEL test-channel
[4:36:30 PM] - TSu25YczdzxL9BkYAAAG left channel: test-channel (transport close)
[4:36:32 PM] - OC7BkU_rZO1EonVOAAAH joined channel: test-channel
[4:37:52 PM] - OC7BkU_rZO1EonVOAAAH left channel: test-channel (transport close)
[4:37:54 PM] - Pa_l2DqvdUvFiLBzAAAI joined channel: test-channel
Channel: test-channel
Event: App\Events\TestingBroadCasting
CHANNEL test-channel
Channel: test-channel
Event: App\Events\TestingBroadCasting
CHANNEL test-channel
[5:07:01 PM] - Pa_l2DqvdUvFiLBzAAAI left channel: test-channel (transport close)
[5:07:02 PM] - DctOwZCdkc0a74nJAAAJ joined channel: test-channel
Channel: lastest-crypto
Event: App\Events\LatestCryptoPrices
CHANNEL lastest-crypto
[5:12:37 PM] - DctOwZCdkc0a74nJAAAJ left channel: test-channel (transport close)
[5:12:38 PM] - OT8XSUjCScvNsUX0AAAK joined channel: lastest-crypto
Channel: lastest-crypto
Event: App\Events\LatestCryptoPrices
CHANNEL lastest-crypto
Channel: lastest-crypto
Event: App\Events\LatestCryptoPrices
CHANNEL lastest-crypto
Channel: lastest-crypto
Event: App\Events\LatestCryptoPrices
CHANNEL lastest-crypto
Channel: lastest-crypto
Event: App\Events\LatestCryptoPrices
CHANNEL lastest-crypto
Channel: lastest-crypto
Event: App\Events\LatestCryptoPrices
CHANNEL lastest-crypto
Channel: lastest-crypto
Event: App\Events\LatestCryptoPrices
CHANNEL lastest-crypto
[5:18:10 PM] - OT8XSUjCScvNsUX0AAAK left channel: lastest-crypto (transport close)
[5:18:12 PM] - 9d8k7roY63f5w14JAAAL joined channel: lastest-crypto
[5:21:15 PM] - 9d8k7roY63f5w14JAAAL left channel: lastest-crypto (transport close)
[5:21:17 PM] - _yIM7-dcPRjW9zTDAAAM joined channel: lastest-crypto
[5:21:25 PM] - _yIM7-dcPRjW9zTDAAAM left channel: lastest-crypto (transport close)
[5:21:26 PM] - 0xi_07nOQKb_xnYTAAAN joined channel: lastest-crypto
[5:22:15 PM] - 0xi_07nOQKb_xnYTAAAN left channel: lastest-crypto (transport close)
[5:22:16 PM] - nJr23uwyjiakSTCzAAAO joined channel: lastest-crypto
[5:26:25 PM] - nJr23uwyjiakSTCzAAAO left channel: lastest-crypto (transport close)
[5:26:26 PM] - IfULFSQnpFyhs6O4AAAP joined channel: lastest-crypto
[6:18:18 PM] - IfULFSQnpFyhs6O4AAAP left channel: lastest-crypto (transport close)

L A R A V E L  E C H O  S E R V E R

version 1.3.6

⚠ Starting server in DEV mode...

✔  Running at localhost on port 6001
✔  Channels are ready.
✔  Listening for http events...
✔  Listening for redis events...

Server ready!


L A R A V E L  E C H O  S E R V E R

version 1.3.6

⚠ Starting server in DEV mode...

✔  Running at localhost on port 6001
✔  Channels are ready.
✔  Listening for http events...
✔  Listening for redis events...

Server ready!

[6:06:19 AM] - V95pu7gsW8-MW484AAAA joined channel: lastest-crypto

L A R A V E L  E C H O  S E R V E R

version 1.3.6

⚠ Starting server in DEV mode...

✔  Running at localhost on port 6001
✔  Channels are ready.
✔  Listening for http events...
✔  Listening for redis events...

Server ready!

[6:11:21 AM] - Fu-CmNszqZeQaUtiAAAA joined channel: lastest-crypto
[6:11:36 AM] - Fu-CmNszqZeQaUtiAAAA left channel: lastest-crypto (transport close)
[6:11:37 AM] - H6k5I6AaoLnoJCyHAAAB joined channel: lastest-crypto

L A R A V E L  E C H O  S E R V E R

version 1.3.6

⚠ Starting server in DEV mode...

✔  Running at localhost on port 6001
✔  Channels are ready.
✔  Listening for http events...
✔  Listening for redis events...

Server ready!

[6:15:23 AM] - tZmO98F8AHsXT357AAAA joined channel: lastest-crypto
[6:15:55 AM] - tZmO98F8AHsXT357AAAA left channel: lastest-crypto (transport close)
[6:15:56 AM] - sJcHEEvGarO_zbmBAAAB joined channel: lastest-crypto
[6:18:52 AM] - sJcHEEvGarO_zbmBAAAB left channel: lastest-crypto (transport close)
[6:36:31 AM] - e4GOUL0M_oSAAerOAAAC joined channel: lastest-crypto
[6:36:35 AM] - e4GOUL0M_oSAAerOAAAC left channel: lastest-crypto (transport close)
[6:36:35 AM] - 1yJrbC9aIrEVVjUJAAAD joined channel: lastest-crypto
[6:36:45 AM] - 1yJrbC9aIrEVVjUJAAAD left channel: lastest-crypto (transport close)
[6:36:46 AM] - kgsQdIHrIRHhLBkeAAAE joined channel: lastest-crypto
[6:41:16 AM] - kgsQdIHrIRHhLBkeAAAE left channel: lastest-crypto (transport close)

L A R A V E L  E C H O  S E R V E R

version 1.3.6

⚠ Starting server in DEV mode...

✔  Running at localhost on port 6001
✔  Channels are ready.
✔  Listening for http events...
✔  Listening for redis events...

Server ready!

Channel: latest-transactions
Event: App\Events\LatestTransactions
CHANNEL latest-transactions
Channel: latest-transactions
Event: App\Events\LatestTransactions
CHANNEL latest-transactions
Channel: latest-transactions
Event: App\Events\LatestTransactions
CHANNEL latest-transactions
Channel: latest-transactions
Event: App\Events\LatestTransactions
CHANNEL latest-transactions
Channel: latest-transactions
Event: App\Events\LatestTransactions
CHANNEL latest-transactions
Channel: latest-transactions
Event: App\Events\LatestTransactions
CHANNEL latest-transactions
Channel: latest-transactions
Event: App\Events\LatestTransactions
CHANNEL latest-transactions
Channel: latest-transactions
Event: App\Events\LatestTransactions
CHANNEL latest-transactions
Channel: latest-transactions
Event: App\Events\LatestTransactions
CHANNEL latest-transactions
Channel: latest-transactions
Event: App\Events\LatestTransactions
CHANNEL latest-transactions
Channel: latest-transactions
Event: App\Events\LatestTransactions
CHANNEL latest-transactions
Channel: latest-transactions
Event: App\Events\LatestTransactions
CHANNEL latest-transactions
Channel: latest-transactions
Event: App\Events\LatestTransactions
CHANNEL latest-transactions
Channel: latest-transactions
Event: App\Events\LatestTransactions
CHANNEL latest-transactions
Channel: latest-transactions
Event: App\Events\LatestTransactions
CHANNEL latest-transactions
Channel: latest-transactions
Event: App\Events\LatestTransactions
CHANNEL latest-transactions
Channel: latest-transactions
Event: App\Events\LatestTransactions
CHANNEL latest-transactions
Channel: latest-transactions
Event: App\Events\LatestTransactions
CHANNEL latest-transactions
Channel: latest-transactions
Event: App\Events\LatestTransactions
CHANNEL latest-transactions
Channel: latest-transactions
Event: App\Events\LatestTransactions
CHANNEL latest-transactions
Channel: latest-transactions
Event: App\Events\LatestTransactions
CHANNEL latest-transactions
Channel: latest-transactions
Event: App\Events\LatestTransactions
CHANNEL latest-transactions
